This is pdfTeX, Version 3.141592653-2.6-1.40.29 (MiKTeX 26.2) (preloaded format=pdflatex 2026.4.12)  12 APR 2026 23:56
entering extended mode
 restricted \write18 enabled.
 %&-line parsing enabled.
**./abc_report.tex
(abc_report.tex
LaTeX2e <2025-11-01>
L3 programming layer <2026-01-19>
(C:\Users\chris\AppData\Local\Programs\MiKTeX\tex/latex/base\article.cls
Document Class: article 2025/01/22 v1.4n Standard LaTeX document class
(C:\Users\chris\AppData\Local\Programs\MiKTeX\tex/latex/base\size11.clo
File: size11.clo 2025/01/22 v1.4n Standard LaTeX file (size option)
)
\c@part=\count275
\c@section=\count276
\c@subsection=\count277
\c@subsubsection=\count278
\c@paragraph=\count279
\c@subparagraph=\count280
\c@figure=\count281
\c@table=\count282
\abovecaptionskip=\skip49
\belowcaptionskip=\skip50
\bibindent=\dimen148
)
(C:\Users\chris\AppData\Local\Programs\MiKTeX\tex/latex/geometry\geometry.sty
Package: geometry 2026/03/07 v6.0 Page Geometry

(C:\Users\chris\AppData\Local\Programs\MiKTeX\tex/latex/graphics\keyval.sty
Package: keyval 2022/05/29 v1.15 key=value parser (DPC)
\KV@toks@=\toks17
)
(C:\Users\chris\AppData\Local\Programs\MiKTeX\tex/generic/iftex\ifvtex.sty
Package: ifvtex 2019/10/25 v1.7 ifvtex legacy package. Use iftex instead.

(C:\Users\chris\AppData\Local\Programs\MiKTeX\tex/generic/iftex\iftex.sty
Package: iftex 2024/12/12 v1.0g TeX engine tests
))
\Gm@cnth=\count283
\Gm@cntv=\count284
\c@Gm@tempcnt=\count285
\Gm@bindingoffset=\dimen149
\Gm@wd@mp=\dimen150
\Gm@odd@mp=\dimen151
\Gm@even@mp=\dimen152
\Gm@layoutwidth=\dimen153
\Gm@layoutheight=\dimen154
\Gm@layouthoffset=\dimen155
\Gm@layoutvoffset=\dimen156
\Gm@dimlist=\toks18

(C:\Users\chris\AppData\Local\Programs\MiKTeX\tex/latex/geometry\geometry.cfg))
(C:\Users\chris\AppData\Local\Programs\MiKTeX\tex/latex/amsmath\amsmath.sty
Package: amsmath 2025/07/09 v2.17z AMS math features
\@mathmargin=\skip51

For additional information on amsmath, use the `?' option.
(C:\Users\chris\AppData\Local\Programs\MiKTeX\tex/latex/amsmath\amstext.sty
Package: amstext 2024/11/17 v2.01 AMS text

(C:\Users\chris\AppData\Local\Programs\MiKTeX\tex/latex/amsmath\amsgen.sty
File: amsgen.sty 1999/11/30 v2.0 generic functions
\@emptytoks=\toks19
\ex@=\dimen157
))
(C:\Users\chris\AppData\Local\Programs\MiKTeX\tex/latex/amsmath\amsbsy.sty
Package: amsbsy 1999/11/29 v1.2d Bold Symbols
\pmbraise@=\dimen158
)
(C:\Users\chris\AppData\Local\Programs\MiKTeX\tex/latex/amsmath\amsopn.sty
Package: amsopn 2022/04/08 v2.04 operator names
)
\inf@bad=\count286
LaTeX Info: Redefining \frac on input line 233.
\uproot@=\count287
\leftroot@=\count288
LaTeX Info: Redefining \overline on input line 398.
LaTeX Info: Redefining \colon on input line 409.
\classnum@=\count289
\DOTSCASE@=\count290
LaTeX Info: Redefining \ldots on input line 495.
LaTeX Info: Redefining \dots on input line 498.
LaTeX Info: Redefining \cdots on input line 619.
\Mathstrutbox@=\box53
\strutbox@=\box54
LaTeX Info: Redefining \big on input line 721.
LaTeX Info: Redefining \Big on input line 722.
LaTeX Info: Redefining \bigg on input line 723.
LaTeX Info: Redefining \Bigg on input line 724.
\big@size=\dimen159
LaTeX Font Info:    Redeclaring font encoding OML on input line 742.
LaTeX Font Info:    Redeclaring font encoding OMS on input line 743.
\macc@depth=\count291
LaTeX Info: Redefining \bmod on input line 904.
LaTeX Info: Redefining \pmod on input line 909.
LaTeX Info: Redefining \smash on input line 939.
LaTeX Info: Redefining \relbar on input line 969.
LaTeX Info: Redefining \Relbar on input line 970.
\c@MaxMatrixCols=\count292
\dotsspace@=\muskip17
\c@parentequation=\count293
\dspbrk@lvl=\count294
\tag@help=\toks20
\row@=\count295
\column@=\count296
\maxfields@=\count297
\andhelp@=\toks21
\eqnshift@=\dimen160
\alignsep@=\dimen161
\tagshift@=\dimen162
\tagwidth@=\dimen163
\totwidth@=\dimen164
\lineht@=\dimen165
\@envbody=\toks22
\multlinegap=\skip52
\multlinetaggap=\skip53
\mathdisplay@stack=\toks23
LaTeX Info: Redefining \[ on input line 2950.
LaTeX Info: Redefining \] on input line 2951.
)
(C:\Users\chris\AppData\Local\Programs\MiKTeX\tex/latex/amsfonts\amssymb.sty
Package: amssymb 2013/01/14 v3.01 AMS font symbols

(C:\Users\chris\AppData\Local\Programs\MiKTeX\tex/latex/amsfonts\amsfonts.sty
Package: amsfonts 2013/01/14 v3.01 Basic AMSFonts support
\symAMSa=\mathgroup4
\symAMSb=\mathgroup5
LaTeX Font Info:    Redeclaring math symbol \hbar on input line 98.
LaTeX Font Info:    Overwriting math alphabet `\mathfrak' in version `bold'
(Font)                  U/euf/m/n --> U/euf/b/n on input line 106.
)) (C:\Users\chris\AppData\Local\Programs\MiKTeX\tex/latex/booktabs\booktabs.st
y
Package: booktabs 2020/01/12 v1.61803398 Publication quality tables
\heavyrulewidth=\dimen166
\lightrulewidth=\dimen167
\cmidrulewidth=\dimen168
\belowrulesep=\dimen169
\belowbottomsep=\dimen170
\aboverulesep=\dimen171
\abovetopsep=\dimen172
\cmidrulesep=\dimen173
\cmidrulekern=\dimen174
\defaultaddspace=\dimen175
\@cmidla=\count298
\@cmidlb=\count299
\@aboverulesep=\dimen176
\@belowrulesep=\dimen177
\@thisruleclass=\count300
\@lastruleclass=\count301
\@thisrulewidth=\dimen178
) (C:\Users\chris\AppData\Local\Programs\MiKTeX\tex/latex/tools\array.sty
Package: array 2025/09/25 v2.6n Tabular extension package (FMi)
\col@sep=\dimen179
\ar@mcellbox=\box55
\extrarowheight=\dimen180
\NC@list=\toks24
\extratabsurround=\skip54
\backup@length=\skip55
\ar@cellbox=\box56
)
(C:\Users\chris\AppData\Local\Programs\MiKTeX\tex/latex/graphics\graphicx.sty
Package: graphicx 2024/12/31 v1.2e Enhanced LaTeX Graphics (DPC,SPQR)

(C:\Users\chris\AppData\Local\Programs\MiKTeX\tex/latex/graphics\graphics.sty
Package: graphics 2024/08/06 v1.4g Standard LaTeX Graphics (DPC,SPQR)

(C:\Users\chris\AppData\Local\Programs\MiKTeX\tex/latex/graphics\trig.sty
Package: trig 2023/12/02 v1.11 sin cos tan (DPC)
)
(C:\Users\chris\AppData\Local\Programs\MiKTeX\tex/latex/graphics-cfg\graphics.c
fg
File: graphics.cfg 2016/06/04 v1.11 sample graphics configuration
)
Package graphics Info: Driver file: pdftex.def on input line 106.

(C:\Users\chris\AppData\Local\Programs\MiKTeX\tex/latex/graphics-def\pdftex.def
File: pdftex.def 2025/09/29 v1.2d Graphics/color driver for pdftex
))
\Gin@req@height=\dimen181
\Gin@req@width=\dimen182
)
(C:\Users\chris\AppData\Local\Programs\MiKTeX\tex/latex/caption\subcaption.sty
Package: subcaption 2023/07/28 v1.6b Sub-captions (AR)

(C:\Users\chris\AppData\Local\Programs\MiKTeX\tex/latex/caption\caption.sty
Package: caption 2023/08/05 v3.6o Customizing captions (AR)

(C:\Users\chris\AppData\Local\Programs\MiKTeX\tex/latex/caption\caption3.sty
Package: caption3 2023/07/31 v2.4d caption3 kernel (AR)
\caption@tempdima=\dimen183
\captionmargin=\dimen184
\caption@leftmargin=\dimen185
\caption@rightmargin=\dimen186
\caption@width=\dimen187
\caption@indent=\dimen188
\caption@parindent=\dimen189
\caption@hangindent=\dimen190
Package caption Info: Standard document class detected.
)
\c@caption@flags=\count302
\c@continuedfloat=\count303
)
Package caption Info: New subtype `subfigure' on input line 238.
\c@subfigure=\count304
Package caption Info: New subtype `subtable' on input line 238.
\c@subtable=\count305
) (C:\Users\chris\AppData\Local\Programs\MiKTeX\tex/latex/float\float.sty
Package: float 2001/11/08 v1.3d Float enhancements (AL)
\c@float@type=\count306
\float@exts=\toks25
\float@box=\box57
\@float@everytoks=\toks26
\@floatcapt=\box58
)
(C:\Users\chris\AppData\Local\Programs\MiKTeX\tex/latex/xcolor\xcolor.sty
Package: xcolor 2024/09/29 v3.02 LaTeX color extensions (UK)

(C:\Users\chris\AppData\Local\Programs\MiKTeX\tex/latex/graphics-cfg\color.cfg
File: color.cfg 2016/01/02 v1.6 sample color configuration
)
Package xcolor Info: Driver file: pdftex.def on input line 274.
(C:\Users\chris\AppData\Local\Programs\MiKTeX\tex/latex/graphics\mathcolor.ltx)
Package xcolor Info: Model `cmy' substituted by `cmy0' on input line 1349.
Package xcolor Info: Model `hsb' substituted by `rgb' on input line 1353.
Package xcolor Info: Model `RGB' extended on input line 1365.
Package xcolor Info: Model `HTML' substituted by `rgb' on input line 1367.
Package xcolor Info: Model `Hsb' substituted by `hsb' on input line 1368.
Package xcolor Info: Model `tHsb' substituted by `hsb' on input line 1369.
Package xcolor Info: Model `HSB' substituted by `hsb' on input line 1370.
Package xcolor Info: Model `Gray' substituted by `gray' on input line 1371.
Package xcolor Info: Model `wave' substituted by `hsb' on input line 1372.
) (C:\Users\chris\AppData\Local\Programs\MiKTeX\tex/latex/natbib\natbib.sty
Package: natbib 2010/09/13 8.31b (PWD, AO)
\bibhang=\skip56
\bibsep=\skip57
LaTeX Info: Redefining \cite on input line 694.
\c@NAT@ctr=\count307
)
(C:\Users\chris\AppData\Local\Programs\MiKTeX\tex/latex/hyperref\hyperref.sty
Package: hyperref 2026-01-29 v7.01p Hypertext links for LaTeX

(C:\Users\chris\AppData\Local\Programs\MiKTeX\tex/latex/kvsetkeys\kvsetkeys.sty
Package: kvsetkeys 2022-10-05 v1.19 Key value parser (HO)
)
(C:\Users\chris\AppData\Local\Programs\MiKTeX\tex/generic/kvdefinekeys\kvdefine
keys.sty
Package: kvdefinekeys 2019-12-19 v1.6 Define keys (HO)
)
(C:\Users\chris\AppData\Local\Programs\MiKTeX\tex/generic/pdfescape\pdfescape.s
ty
Package: pdfescape 2019/12/09 v1.15 Implements pdfTeX's escape features (HO)

(C:\Users\chris\AppData\Local\Programs\MiKTeX\tex/generic/ltxcmds\ltxcmds.sty
Package: ltxcmds 2023-12-04 v1.26 LaTeX kernel commands for general use (HO)
)
(C:\Users\chris\AppData\Local\Programs\MiKTeX\tex/generic/pdftexcmds\pdftexcmds
.sty
Package: pdftexcmds 2020-06-27 v0.33 Utility functions of pdfTeX for LuaTeX (HO
)

(C:\Users\chris\AppData\Local\Programs\MiKTeX\tex/generic/infwarerr\infwarerr.s
ty
Package: infwarerr 2019/12/03 v1.5 Providing info/warning/error messages (HO)
)
Package pdftexcmds Info: \pdf@primitive is available.
Package pdftexcmds Info: \pdf@ifprimitive is available.
Package pdftexcmds Info: \pdfdraftmode found.
))
(C:\Users\chris\AppData\Local\Programs\MiKTeX\tex/latex/hycolor\hycolor.sty
Package: hycolor 2020-01-27 v1.10 Color options for hyperref/bookmark (HO)
)
(C:\Users\chris\AppData\Local\Programs\MiKTeX\tex/latex/hyperref\nameref.sty
Package: nameref 2026-01-29 v2.58 Cross-referencing by name of section

(C:\Users\chris\AppData\Local\Programs\MiKTeX\tex/latex/refcount\refcount.sty
Package: refcount 2019/12/15 v3.6 Data extraction from label references (HO)
)
(C:\Users\chris\AppData\Local\Programs\MiKTeX\tex/generic/gettitlestring\gettit
lestring.sty
Package: gettitlestring 2019/12/15 v1.6 Cleanup title references (HO)

(C:\Users\chris\AppData\Local\Programs\MiKTeX\tex/latex/kvoptions\kvoptions.sty
Package: kvoptions 2022-06-15 v3.15 Key value format for package options (HO)
))
\c@section@level=\count308
)
(C:\Users\chris\AppData\Local\Programs\MiKTeX\tex/latex/etoolbox\etoolbox.sty
Package: etoolbox 2025/10/02 v2.5m e-TeX tools for LaTeX (JAW)
\etb@tempcnta=\count309
)
(C:\Users\chris\AppData\Local\Programs\MiKTeX\tex/generic/stringenc\stringenc.s
ty
Package: stringenc 2019/11/29 v1.12 Convert strings between diff. encodings (HO
)
)
\@linkdim=\dimen191
\Hy@linkcounter=\count310
\Hy@pagecounter=\count311
 (C:\Users\chris\AppData\Local\Programs\MiKTeX\tex/latex/hyperref\pd1enc.def
File: pd1enc.def 2026-01-29 v7.01p Hyperref: PDFDocEncoding definition (HO)
Now handling font encoding PD1 ...
... no UTF-8 mapping file for font encoding PD1
) (C:\Users\chris\AppData\Local\Programs\MiKTeX\tex/generic/intcalc\intcalc.sty
Package: intcalc 2019/12/15 v1.3 Expandable calculations with integers (HO)
)
\Hy@SavedSpaceFactor=\count312
 (C:\Users\chris\AppData\Local\Programs\MiKTeX\tex/latex/hyperref\puenc.def
File: puenc.def 2026-01-29 v7.01p Hyperref: PDF Unicode definition (HO)
Now handling font encoding PU ...
... no UTF-8 mapping file for font encoding PU
)
Package hyperref Info: Option `bookmarksnumbered' set `true' on input line 4072
.
Package hyperref Info: Hyper figures OFF on input line 4201.
Package hyperref Info: Link nesting OFF on input line 4206.
Package hyperref Info: Hyper index ON on input line 4209.
Package hyperref Info: Plain pages OFF on input line 4216.
Package hyperref Info: Backreferencing OFF on input line 4221.
Package hyperref Info: Implicit mode ON; LaTeX internals redefined.
Package hyperref Info: Bookmarks ON on input line 4468.
\c@Hy@tempcnt=\count313

(C:\Users\chris\AppData\Local\Programs\MiKTeX\tex/latex/url\url.sty
\Urlmuskip=\muskip18
Package: url 2013/09/16  ver 3.4  Verb mode for urls, etc.
)
LaTeX Info: Redefining \url on input line 4807.
\XeTeXLinkMargin=\dimen192

(C:\Users\chris\AppData\Local\Programs\MiKTeX\tex/generic/bitset\bitset.sty
Package: bitset 2019/12/09 v1.3 Handle bit-vector datatype (HO)

(C:\Users\chris\AppData\Local\Programs\MiKTeX\tex/generic/bigintcalc\bigintcalc
.sty
Package: bigintcalc 2019/12/15 v1.5 Expandable calculations on big integers (HO
)
))
\Fld@menulength=\count314
\Field@Width=\dimen193
\Fld@charsize=\dimen194
Package hyperref Info: Hyper figures OFF on input line 6084.
Package hyperref Info: Link nesting OFF on input line 6089.
Package hyperref Info: Hyper index ON on input line 6092.
Package hyperref Info: backreferencing OFF on input line 6099.
Package hyperref Info: Link coloring OFF on input line 6104.
Package hyperref Info: Link coloring with OCG OFF on input line 6109.
Package hyperref Info: PDF/A mode OFF on input line 6114.
\Hy@abspage=\count315
\c@Item=\count316
\c@Hfootnote=\count317
)
Package hyperref Info: Driver (autodetected): hpdftex.

(C:\Users\chris\AppData\Local\Programs\MiKTeX\tex/latex/hyperref\hpdftex.def
File: hpdftex.def 2026-01-29 v7.01p Hyperref driver for pdfTeX
\Fld@listcount=\count318
\c@bookmark@seq@number=\count319

(C:\Users\chris\AppData\Local\Programs\MiKTeX\tex/latex/rerunfilecheck\rerunfil
echeck.sty
Package: rerunfilecheck 2025-06-21 v1.11 Rerun checks for auxiliary files (HO)

(C:\Users\chris\AppData\Local\Programs\MiKTeX\tex/generic/uniquecounter\uniquec
ounter.sty
Package: uniquecounter 2019/12/15 v1.4 Provide unlimited unique counter (HO)
)
Package uniquecounter Info: New unique counter `rerunfilecheck' on input line 2
84.
)
\Hy@SectionHShift=\skip58
)
(C:\Users\chris\AppData\Local\Programs\MiKTeX\tex/latex/l3backend\l3backend-pdf
tex.def
File: l3backend-pdftex.def 2025-10-09 L3 backend support: PDF output (pdfTeX)
\l__color_backend_stack_int=\count320
) (abc_report.aux)
\openout1 = `abc_report.aux'.

LaTeX Font Info:    Checking defaults for OML/cmm/m/it on input line 32.
LaTeX Font Info:    ... okay on input line 32.
LaTeX Font Info:    Checking defaults for OMS/cmsy/m/n on input line 32.
LaTeX Font Info:    ... okay on input line 32.
LaTeX Font Info:    Checking defaults for OT1/cmr/m/n on input line 32.
LaTeX Font Info:    ... okay on input line 32.
LaTeX Font Info:    Checking defaults for T1/cmr/m/n on input line 32.
LaTeX Font Info:    ... okay on input line 32.
LaTeX Font Info:    Checking defaults for TS1/cmr/m/n on input line 32.
LaTeX Font Info:    ... okay on input line 32.
LaTeX Font Info:    Checking defaults for OMX/cmex/m/n on input line 32.
LaTeX Font Info:    ... okay on input line 32.
LaTeX Font Info:    Checking defaults for U/cmr/m/n on input line 32.
LaTeX Font Info:    ... okay on input line 32.
LaTeX Font Info:    Checking defaults for PD1/pdf/m/n on input line 32.
LaTeX Font Info:    ... okay on input line 32.
LaTeX Font Info:    Checking defaults for PU/pdf/m/n on input line 32.
LaTeX Font Info:    ... okay on input line 32.

*geometry* driver: auto-detecting
*geometry* detected driver: pdftex
*geometry* verbose mode - [ preamble ] result:
* driver: pdftex
* paper: <default>
* layout: <same size as paper>
* layoutoffset:(h,v)=(0.0pt,0.0pt)
* modes: 
* h-part:(L,W,R)=(72.26999pt, 469.75502pt, 72.26999pt)
* v-part:(T,H,B)=(72.26999pt, 650.43001pt, 72.26999pt)
* \paperwidth=614.295pt
* \paperheight=794.96999pt
* \textwidth=469.75502pt
* \textheight=650.43001pt
* \oddsidemargin=0.0pt
* \evensidemargin=0.0pt
* \topmargin=-37.0pt
* \headheight=12.0pt
* \headsep=25.0pt
* \topskip=11.0pt
* \footskip=30.0pt
* \marginparwidth=59.0pt
* \marginparsep=10.0pt
* \columnsep=10.0pt
* \skip\footins=10.0pt plus 4.0pt minus 2.0pt
* \hoffset=0.0pt
* \voffset=0.0pt
* \mag=1000
* \@twocolumnfalse
* \@twosidefalse
* \@mparswitchfalse
* \@reversemarginfalse
* (1in=72.27pt=25.4mm, 1cm=28.453pt)


(C:\Users\chris\AppData\Local\Programs\MiKTeX\tex/context/base/mkii\supp-pdf.mk
ii
[Loading MPS to PDF converter (version 2006.09.02).]
\scratchcounter=\count321
\scratchdimen=\dimen195
\scratchbox=\box59
\nofMPsegments=\count322
\nofMParguments=\count323
\everyMPshowfont=\toks27
\MPscratchCnt=\count324
\MPscratchDim=\dimen196
\MPnumerator=\count325
\makeMPintoPDFobject=\count326
\everyMPtoPDFconversion=\toks28
)
(C:\Users\chris\AppData\Local\Programs\MiKTeX\tex/latex/epstopdf-pkg\epstopdf-b
ase.sty
Package: epstopdf-base 2020-01-24 v2.11 Base part for package epstopdf
Package epstopdf-base Info: Redefining graphics rule for `.eps' on input line 4
85.

(C:\Users\chris\AppData\Local\Programs\MiKTeX\tex/latex/00miktex\epstopdf-sys.c
fg
File: epstopdf-sys.cfg 2021/03/18 v2.0 Configuration of epstopdf for MiKTeX
))
Package caption Info: Begin \AtBeginDocument code.
Package caption Info: float package is loaded.
Package caption Info: hyperref package is loaded.
Package caption Info: End \AtBeginDocument code.
Package hyperref Info: Link coloring OFF on input line 32.
 (abc_report.out) (abc_report.out)
\@outlinefile=\write3
\openout3 = `abc_report.out'.

LaTeX Font Info:    Trying to load font information for U+msa on input line 34.


(C:\Users\chris\AppData\Local\Programs\MiKTeX\tex/latex/amsfonts\umsa.fd
File: umsa.fd 2013/01/14 v3.01 AMS symbols A
)
LaTeX Font Info:    Trying to load font information for U+msb on input line 34.


(C:\Users\chris\AppData\Local\Programs\MiKTeX\tex/latex/amsfonts\umsb.fd
File: umsb.fd 2013/01/14 v3.01 AMS symbols B
)
(abc_report.toc)
\tf@toc=\write4
\openout4 = `abc_report.toc'.


Overfull \hbox (38.63005pt too wide) in paragraph at lines 38--46
\OT1/cmr/m/n/10.95 network SIR epi-demic model us-ing the scripts \OT1/cmtt/m/n
/10.95 simulator.py\OT1/cmr/m/n/10.95 , \OT1/cmtt/m/n/10.95 observed[]summaries
.py\OT1/cmr/m/n/10.95 , \OT1/cmtt/m/n/10.95 abc[]rejection.py\OT1/cmr/m/n/10.95
 ,
 []

[1

{C:/Users/chris/AppData/Local/MiKTeX/fonts/map/pdftex/pdftex.map}] [2]
[3] [4] [5]
Underfull \hbox (badness 1748) in paragraph at lines 168--168
[]\OT1/cmr/m/n/10.95 Table 3: |Rich-set ABC re-jec-tion pos-te-rior sum-maries 
from the saved CSV out-puts in
 []


Overfull \hbox (111.45218pt too wide) in paragraph at lines 193--194
\OT1/cmr/m/n/10.95 main se-lec-tion ev-i-dence comes from two com-ple-men-tary 
di-ag-nos-tics saved un-der \OT1/cmtt/m/n/10.95 outputs/basic[]abc/summary[]set
[]study/\OT1/cmr/m/n/10.95 :
 []

[6]
<outputs/basic_abc/summary_set_study/posterior_rich_set_vs_reduced_set_i_eps-0.
0100_2026-04-12_23-11.png, id=115, 1076.823pt x 322.3242pt>
File: outputs/basic_abc/summary_set_study/posterior_rich_set_vs_reduced_set_i_e
ps-0.0100_2026-04-12_23-11.png Graphic file (type png)
<use outputs/basic_abc/summary_set_study/posterior_rich_set_vs_reduced_set_i_ep
s-0.0100_2026-04-12_23-11.png>
Package pdftex.def Info: outputs/basic_abc/summary_set_study/posterior_rich_set
_vs_reduced_set_i_eps-0.0100_2026-04-12_23-11.png  used on input line 230.
(pdftex.def)             Requested size: 225.4804pt x 67.48842pt.
<outputs/basic_abc/summary_set_study/posterior_spread_heatmap_2026-04-12_23-12.
png, id=117, 502.9992pt x 569.9694pt>
File: outputs/basic_abc/summary_set_study/posterior_spread_heatmap_2026-04-12_2
3-12.png Graphic file (type png)
<use outputs/basic_abc/summary_set_study/posterior_spread_heatmap_2026-04-12_23
-12.png>
Package pdftex.def Info: outputs/basic_abc/summary_set_study/posterior_spread_h
eatmap_2026-04-12_23-12.png  used on input line 236.
(pdftex.def)             Requested size: 225.4804pt x 255.5011pt.
 [7]
Overfull \hbox (69.76965pt too wide) in paragraph at lines 245--246
\OT1/cmr/m/n/10.95 rior. This is also the sub-set ex-ported by \OT1/cmtt/m/n/10
.95 abc[]rejection.py \OT1/cmr/m/n/10.95 into \OT1/cmtt/m/n/10.95 data/intermed
iate/abc[]rejection[]output.npz
 []

[8 <./outputs/basic_abc/summary_set_study/posterior_rich_set_vs_reduced_set_i_e
ps-0.0100_2026-04-12_23-11.png> <./outputs/basic_abc/summary_set_study/posterio
r_spread_heatmap_2026-04-12_23-12.png>]
Overfull \hbox (1.37288pt too wide) in paragraph at lines 269--270
\OT1/cmr/m/n/10.95 forms ac-cepted sub-sets at $\OML/cmm/m/it/10.95 ^^O \OMS/cm
sy/m/n/10.95 2 f\OT1/cmr/m/n/10.95 0\OML/cmm/m/it/10.95 :\OT1/cmr/m/n/10.95 01\
OML/cmm/m/it/10.95 ; \OT1/cmr/m/n/10.95 0\OML/cmm/m/it/10.95 :\OT1/cmr/m/n/10.9
5 05\OML/cmm/m/it/10.95 ; \OT1/cmr/m/n/10.95 0\OML/cmm/m/it/10.95 :\OT1/cmr/m/n
/10.95 10\OMS/cmsy/m/n/10.95 g$ \OT1/cmr/m/n/10.95 by thresh-old-ing the saved 
dis-tances, ap-plies Epanech-
 []

<outputs/regression_adjustment/plots/regression_projection_diagnostic_eps-0.010
0.png, id=136, 1076.823pt x 312.9291pt>
File: outputs/regression_adjustment/plots/regression_projection_diagnostic_eps-
0.0100.png Graphic file (type png)
<use outputs/regression_adjustment/plots/regression_projection_diagnostic_eps-0
.0100.png>
Package pdftex.def Info: outputs/regression_adjustment/plots/regression_project
ion_diagnostic_eps-0.0100.png  used on input line 277.
(pdftex.def)             Requested size: 225.4804pt x 65.52127pt.
<outputs/regression_adjustment/plots/posterior_overlay_regression_adjustment_ac
ross_epsilons.png, id=137, 1076.823pt x 312.9291pt>
File: outputs/regression_adjustment/plots/posterior_overlay_regression_adjustme
nt_across_epsilons.png Graphic file (type png)
<use outputs/regression_adjustment/plots/posterior_overlay_regression_adjustmen
t_across_epsilons.png>
Package pdftex.def Info: outputs/regression_adjustment/plots/posterior_overlay_
regression_adjustment_across_epsilons.png  used on input line 283.
(pdftex.def)             Requested size: 225.4804pt x 65.52127pt.

Overfull \hbox (72.82869pt too wide) detected at line 295
\OML/cmm/m/it/10.95 ^^O \OT1/cmr/m/n/10.95 = 0\OML/cmm/m/it/10.95 :\OT1/cmr/m/n
/10.95 01 : (0\OML/cmm/m/it/10.95 :\OT1/cmr/m/n/10.95 1656\OML/cmm/m/it/10.95 ;
  \OT1/cmr/m/n/10.95 0\OML/cmm/m/it/10.95 :\OT1/cmr/m/n/10.95 0833\OML/cmm/m/it
/10.95 ;  \OT1/cmr/m/n/10.95 0\OML/cmm/m/it/10.95 :\OT1/cmr/m/n/10.95 3145)\OML
/cmm/m/it/10.95 ;  ^^O \OT1/cmr/m/n/10.95 = 0\OML/cmm/m/it/10.95 :\OT1/cmr/m/n/
10.95 05 : (0\OML/cmm/m/it/10.95 :\OT1/cmr/m/n/10.95 1708\OML/cmm/m/it/10.95 ; 
 \OT1/cmr/m/n/10.95 0\OML/cmm/m/it/10.95 :\OT1/cmr/m/n/10.95 0851\OML/cmm/m/it/
10.95 ;  \OT1/cmr/m/n/10.95 0\OML/cmm/m/it/10.95 :\OT1/cmr/m/n/10.95 3144)\OML/
cmm/m/it/10.95 ;  ^^O \OT1/cmr/m/n/10.95 = 0\OML/cmm/m/it/10.95 :\OT1/cmr/m/n/1
0.95 10 : (0\OML/cmm/m/it/10.95 :\OT1/cmr/m/n/10.95 1734\OML/cmm/m/it/10.95 ;  
\OT1/cmr/m/n/10.95 0\OML/cmm/m/it/10.95 :\OT1/cmr/m/n/10.95 0866\OML/cmm/m/it/1
0.95 ;  \OT1/cmr/m/n/10.95 0\OML/cmm/m/it/10.95 :\OT1/cmr/m/n/10.95 3130)\OML/c
mm/m/it/10.95 :
 []

[9 <./outputs/regression_adjustment/plots/regression_projection_diagnostic_eps-
0.0100.png> <./outputs/regression_adjustment/plots/posterior_overlay_regression
_adjustment_across_epsilons.png>]
<outputs/abc_mcmc/plots/abc_mcmc_trace_plots.png, id=151, 715.473pt x 570.2103p
t>
File: outputs/abc_mcmc/plots/abc_mcmc_trace_plots.png Graphic file (type png)
<use outputs/abc_mcmc/plots/abc_mcmc_trace_plots.png>
Package pdftex.def Info: outputs/abc_mcmc/plots/abc_mcmc_trace_plots.png  used 
on input line 317.
(pdftex.def)             Requested size: 357.01123pt x 284.5215pt.
 [10]
<outputs/abc_mcmc/plots/abc_rejection_vs_mcmc_posterior_histograms.png, id=158,
 1076.823pt x 322.3242pt>
File: outputs/abc_mcmc/plots/abc_rejection_vs_mcmc_posterior_histograms.png Gra
phic file (type png)
<use outputs/abc_mcmc/plots/abc_rejection_vs_mcmc_posterior_histograms.png>
Package pdftex.def Info: outputs/abc_mcmc/plots/abc_rejection_vs_mcmc_posterior
_histograms.png  used on input line 324.
(pdftex.def)             Requested size: 357.01123pt x 106.86406pt.
 [11 <./outputs/abc_mcmc/plots/abc_mcmc_trace_plots.png> <./outputs/abc_mcmc/pl
ots/abc_rejection_vs_mcmc_posterior_histograms.png>] [12]
<outputs/smc_abc/plots/beta_rejection_vs_smc_abc.png, id=172, 498.663pt x 280.7
6895pt>
File: outputs/smc_abc/plots/beta_rejection_vs_smc_abc.png Graphic file (type pn
g)
<use outputs/smc_abc/plots/beta_rejection_vs_smc_abc.png>
Package pdftex.def Info: outputs/smc_abc/plots/beta_rejection_vs_smc_abc.png  u
sed on input line 389.
(pdftex.def)             Requested size: 225.4804pt x 126.9532pt.
<outputs/smc_abc/plots/beta_smc_abc_stage_progression.png, id=173, 498.663pt x 
280.76895pt>
File: outputs/smc_abc/plots/beta_smc_abc_stage_progression.png Graphic file (ty
pe png)
<use outputs/smc_abc/plots/beta_smc_abc_stage_progression.png>
Package pdftex.def Info: outputs/smc_abc/plots/beta_smc_abc_stage_progression.p
ng  used on input line 395.
(pdftex.def)             Requested size: 225.4804pt x 126.9532pt.
<outputs/smc_abc/plots/gamma_rejection_vs_smc_abc.png, id=174, 498.663pt x 280.
76895pt>
File: outputs/smc_abc/plots/gamma_rejection_vs_smc_abc.png Graphic file (type p
ng)
<use outputs/smc_abc/plots/gamma_rejection_vs_smc_abc.png>
Package pdftex.def Info: outputs/smc_abc/plots/gamma_rejection_vs_smc_abc.png  
used on input line 403.
(pdftex.def)             Requested size: 225.4804pt x 126.9532pt.
<outputs/smc_abc/plots/gamma_smc_abc_stage_progression.png, id=175, 498.663pt x
 280.76895pt>
File: outputs/smc_abc/plots/gamma_smc_abc_stage_progression.png Graphic file (t
ype png)
<use outputs/smc_abc/plots/gamma_smc_abc_stage_progression.png>
Package pdftex.def Info: outputs/smc_abc/plots/gamma_smc_abc_stage_progression.
png  used on input line 409.
(pdftex.def)             Requested size: 225.4804pt x 126.9532pt.
<outputs/smc_abc/plots/rho_rejection_vs_smc_abc.png, id=176, 498.663pt x 280.76
895pt>
File: outputs/smc_abc/plots/rho_rejection_vs_smc_abc.png Graphic file (type png
)
<use outputs/smc_abc/plots/rho_rejection_vs_smc_abc.png>
Package pdftex.def Info: outputs/smc_abc/plots/rho_rejection_vs_smc_abc.png  us
ed on input line 417.
(pdftex.def)             Requested size: 225.4804pt x 126.9532pt.
<outputs/smc_abc/plots/rho_smc_abc_stage_progression.png, id=177, 498.663pt x 2
80.76895pt>
File: outputs/smc_abc/plots/rho_smc_abc_stage_progression.png Graphic file (typ
e png)
<use outputs/smc_abc/plots/rho_smc_abc_stage_progression.png>
Package pdftex.def Info: outputs/smc_abc/plots/rho_smc_abc_stage_progression.pn
g  used on input line 423.
(pdftex.def)             Requested size: 225.4804pt x 126.9532pt.
 [13]
Overfull \hbox (21.38489pt too wide) in paragraph at lines 430--431
[]\OT1/cmr/m/n/10.95 Overall, the scripts and saved plots tell a co-her-ent sto
ry af-ter the up-stream up-date to \OT1/cmtt/m/n/10.95 abc[]rejection.py\OT1/cm
r/m/n/10.95 .
 []

[14 <./outputs/smc_abc/plots/beta_rejection_vs_smc_abc.png> <./outputs/smc_abc/
plots/beta_smc_abc_stage_progression.png> <./outputs/smc_abc/plots/gamma_reject
ion_vs_smc_abc.png> <./outputs/smc_abc/plots/gamma_smc_abc_stage_progression.pn
g> <./outputs/smc_abc/plots/rho_rejection_vs_smc_abc.png> <./outputs/smc_abc/pl
ots/rho_smc_abc_stage_progression.png>]
Overfull \hbox (17.64497pt too wide) in paragraph at lines 448--449
\OT1/cmr/m/n/10.95 de-tailed ev-i-dence comes from the eight sum-mary over-lays
 saved in \OT1/cmtt/m/n/10.95 outputs/basic[]abc/sanity[]check/\OT1/cmr/m/n/10.
95 ,
 []

<outputs/basic_abc/sanity_check/summary_Max infection fraction_overlay_eps_2026
-04-12_23-11.png, id=196, 410.4936pt x 327.8649pt>
File: outputs/basic_abc/sanity_check/summary_Max infection fraction_overlay_eps
_2026-04-12_23-11.png Graphic file (type png)
<use outputs/basic_abc/sanity_check/summary_Max infection fraction_overlay_eps_
2026-04-12_23-11.png>
Package pdftex.def Info: outputs/basic_abc/sanity_check/summary_Max infection f
raction_overlay_eps_2026-04-12_23-11.png  used on input line 467.
(pdftex.def)             Requested size: 230.18253pt x 183.84822pt.
<outputs/basic_abc/sanity_check/summary_Time to peak_overlay_eps_2026-04-12_23-
11.png, id=197, 410.0118pt x 327.8649pt>
File: outputs/basic_abc/sanity_check/summary_Time to peak_overlay_eps_2026-04-1
2_23-11.png Graphic file (type png)
<use outputs/basic_abc/sanity_check/summary_Time to peak_overlay_eps_2026-04-12
_23-11.png>
Package pdftex.def Info: outputs/basic_abc/sanity_check/summary_Time to peak_ov
erlay_eps_2026-04-12_23-11.png  used on input line 473.
(pdftex.def)             Requested size: 230.18253pt x 184.06834pt.
[15]
<outputs/basic_abc/sanity_check/summary_Early growth rate of infection_overlay_
eps_2026-04-12_23-11.png, id=206, 432.8973pt x 327.8649pt>
File: outputs/basic_abc/sanity_check/summary_Early growth rate of infection_ove
rlay_eps_2026-04-12_23-11.png Graphic file (type png)
<use outputs/basic_abc/sanity_check/summary_Early growth rate of infection_over
lay_eps_2026-04-12_23-11.png>
Package pdftex.def Info: outputs/basic_abc/sanity_check/summary_Early growth ra
te of infection_overlay_eps_2026-04-12_23-11.png  used on input line 484.
(pdftex.def)             Requested size: 230.18253pt x 174.33287pt.
<outputs/basic_abc/sanity_check/summary_Early growth rate of rewiring_overlay_e
ps_2026-04-12_23-11.png, id=207, 434.3427pt x 327.8649pt>
File: outputs/basic_abc/sanity_check/summary_Early growth rate of rewiring_over
lay_eps_2026-04-12_23-11.png Graphic file (type png)
<use outputs/basic_abc/sanity_check/summary_Early growth rate of rewiring_overl
ay_eps_2026-04-12_23-11.png>
Package pdftex.def Info: outputs/basic_abc/sanity_check/summary_Early growth ra
te of rewiring_overlay_eps_2026-04-12_23-11.png  used on input line 490.
(pdftex.def)             Requested size: 230.18253pt x 173.75755pt.
<outputs/basic_abc/sanity_check/summary_Variance structure of degree counts_ove
rlay_eps_2026-04-12_23-11.png, id=208, 465.1779pt x 327.8649pt>
File: outputs/basic_abc/sanity_check/summary_Variance structure of degree count
s_overlay_eps_2026-04-12_23-11.png Graphic file (type png)
<use outputs/basic_abc/sanity_check/summary_Variance structure of degree counts
_overlay_eps_2026-04-12_23-11.png>
Package pdftex.def Info: outputs/basic_abc/sanity_check/summary_Variance struct
ure of degree counts_overlay_eps_2026-04-12_23-11.png  used on input line 501.
(pdftex.def)             Requested size: 230.18253pt x 162.23608pt.
<outputs/basic_abc/sanity_check/summary_Late decay rate of infection_overlay_ep
s_2026-04-12_23-11.png, id=209, 428.0793pt x 327.8649pt>
File: outputs/basic_abc/sanity_check/summary_Late decay rate of infection_overl
ay_eps_2026-04-12_23-11.png Graphic file (type png)
<use outputs/basic_abc/sanity_check/summary_Late decay rate of infection_overla
y_eps_2026-04-12_23-11.png>
Package pdftex.def Info: outputs/basic_abc/sanity_check/summary_Late decay rate
 of infection_overlay_eps_2026-04-12_23-11.png  used on input line 507.
(pdftex.def)             Requested size: 230.18253pt x 176.29398pt.
 [16 <./outputs/basic_abc/sanity_check/summary_Max infection fraction_overlay_e
ps_2026-04-12_23-11.png> <./outputs/basic_abc/sanity_check/summary_Time to peak
_overlay_eps_2026-04-12_23-11.png> <./outputs/basic_abc/sanity_check/summary_Ea
rly growth rate of infection_overlay_eps_2026-04-12_23-11.png> <./outputs/basic
_abc/sanity_check/summary_Early growth rate of rewiring_overlay_eps_2026-04-12_
23-11.png>]
<outputs/basic_abc/sanity_check/summary_Rewiring per infection_overlay_eps_2026
-04-12_23-11.png, id=219, 426.8748pt x 327.8649pt>
File: outputs/basic_abc/sanity_check/summary_Rewiring per infection_overlay_eps
_2026-04-12_23-11.png Graphic file (type png)
<use outputs/basic_abc/sanity_check/summary_Rewiring per infection_overlay_eps_
2026-04-12_23-11.png>
Package pdftex.def Info: outputs/basic_abc/sanity_check/summary_Rewiring per in
fection_overlay_eps_2026-04-12_23-11.png  used on input line 518.
(pdftex.def)             Requested size: 230.18253pt x 176.79926pt.
<outputs/basic_abc/sanity_check/summary_Infection peak width at half maximum_ov
erlay_eps_2026-04-12_23-11.png, id=220, 478.9092pt x 327.8649pt>
File: outputs/basic_abc/sanity_check/summary_Infection peak width at half maxim
um_overlay_eps_2026-04-12_23-11.png Graphic file (type png)
<use outputs/basic_abc/sanity_check/summary_Infection peak width at half maximu
m_overlay_eps_2026-04-12_23-11.png>
Package pdftex.def Info: outputs/basic_abc/sanity_check/summary_Infection peak 
width at half maximum_overlay_eps_2026-04-12_23-11.png  used on input line 524.

(pdftex.def)             Requested size: 230.18253pt x 157.58347pt.
<outputs/basic_abc/summary_set_study/posterior_rich_set_vs_reduced_set_a_eps-0.
0100_2026-04-12_23-11.png, id=223, 1076.823pt x 322.3242pt>
File: outputs/basic_abc/summary_set_study/posterior_rich_set_vs_reduced_set_a_e
ps-0.0100_2026-04-12_23-11.png Graphic file (type png)
<use outputs/basic_abc/summary_set_study/posterior_rich_set_vs_reduced_set_a_ep
s-0.0100_2026-04-12_23-11.png>
Package pdftex.def Info: outputs/basic_abc/summary_set_study/posterior_rich_set
_vs_reduced_set_a_eps-0.0100_2026-04-12_23-11.png  used on input line 541.
(pdftex.def)             Requested size: 230.18253pt x 68.89996pt.
<outputs/basic_abc/summary_set_study/posterior_rich_set_vs_reduced_set_b_eps-0.
0100_2026-04-12_23-11.png, id=224, 1076.823pt x 322.3242pt>
File: outputs/basic_abc/summary_set_study/posterior_rich_set_vs_reduced_set_b_e
ps-0.0100_2026-04-12_23-11.png Graphic file (type png)
<use outputs/basic_abc/summary_set_study/posterior_rich_set_vs_reduced_set_b_ep
s-0.0100_2026-04-12_23-11.png>
Package pdftex.def Info: outputs/basic_abc/summary_set_study/posterior_rich_set
_vs_reduced_set_b_eps-0.0100_2026-04-12_23-11.png  used on input line 547.
(pdftex.def)             Requested size: 230.18253pt x 68.89996pt.
 [17 <./outputs/basic_abc/sanity_check/summary_Variance structure of degree cou
nts_overlay_eps_2026-04-12_23-11.png> <./outputs/basic_abc/sanity_check/summary
_Late decay rate of infection_overlay_eps_2026-04-12_23-11.png> <./outputs/basi
c_abc/sanity_check/summary_Rewiring per infection_overlay_eps_2026-04-12_23-11.
png> <./outputs/basic_abc/sanity_check/summary_Infection peak width at half max
imum_overlay_eps_2026-04-12_23-11.png>]
<outputs/basic_abc/summary_set_study/posterior_rich_set_vs_reduced_set_c_eps-0.
0100_2026-04-12_23-11.png, id=237, 1076.823pt x 322.3242pt>
File: outputs/basic_abc/summary_set_study/posterior_rich_set_vs_reduced_set_c_e
ps-0.0100_2026-04-12_23-11.png Graphic file (type png)
<use outputs/basic_abc/summary_set_study/posterior_rich_set_vs_reduced_set_c_ep
s-0.0100_2026-04-12_23-11.png>
Package pdftex.def Info: outputs/basic_abc/summary_set_study/posterior_rich_set
_vs_reduced_set_c_eps-0.0100_2026-04-12_23-11.png  used on input line 558.
(pdftex.def)             Requested size: 230.18253pt x 68.89996pt.
<outputs/basic_abc/summary_set_study/posterior_rich_set_vs_reduced_set_d_eps-0.
0100_2026-04-12_23-11.png, id=238, 1076.823pt x 322.3242pt>
File: outputs/basic_abc/summary_set_study/posterior_rich_set_vs_reduced_set_d_e
ps-0.0100_2026-04-12_23-11.png Graphic file (type png)
<use outputs/basic_abc/summary_set_study/posterior_rich_set_vs_reduced_set_d_ep
s-0.0100_2026-04-12_23-11.png>
Package pdftex.def Info: outputs/basic_abc/summary_set_study/posterior_rich_set
_vs_reduced_set_d_eps-0.0100_2026-04-12_23-11.png  used on input line 564.
(pdftex.def)             Requested size: 230.18253pt x 68.89996pt.
<outputs/basic_abc/summary_set_study/posterior_rich_set_vs_reduced_set_e_eps-0.
0100_2026-04-12_23-11.png, id=239, 1076.823pt x 322.3242pt>
File: outputs/basic_abc/summary_set_study/posterior_rich_set_vs_reduced_set_e_e
ps-0.0100_2026-04-12_23-11.png Graphic file (type png)
<use outputs/basic_abc/summary_set_study/posterior_rich_set_vs_reduced_set_e_ep
s-0.0100_2026-04-12_23-11.png>
Package pdftex.def Info: outputs/basic_abc/summary_set_study/posterior_rich_set
_vs_reduced_set_e_eps-0.0100_2026-04-12_23-11.png  used on input line 575.
(pdftex.def)             Requested size: 230.18253pt x 68.89996pt.
<outputs/basic_abc/summary_set_study/posterior_rich_set_vs_reduced_set_f_eps-0.
0100_2026-04-12_23-11.png, id=240, 1076.823pt x 322.3242pt>
File: outputs/basic_abc/summary_set_study/posterior_rich_set_vs_reduced_set_f_e
ps-0.0100_2026-04-12_23-11.png Graphic file (type png)
<use outputs/basic_abc/summary_set_study/posterior_rich_set_vs_reduced_set_f_ep
s-0.0100_2026-04-12_23-11.png>
Package pdftex.def Info: outputs/basic_abc/summary_set_study/posterior_rich_set
_vs_reduced_set_f_eps-0.0100_2026-04-12_23-11.png  used on input line 581.
(pdftex.def)             Requested size: 230.18253pt x 68.89996pt.
<outputs/basic_abc/summary_set_study/posterior_rich_set_vs_reduced_set_g_eps-0.
0100_2026-04-12_23-11.png, id=241, 1076.823pt x 322.3242pt>
File: outputs/basic_abc/summary_set_study/posterior_rich_set_vs_reduced_set_g_e
ps-0.0100_2026-04-12_23-11.png Graphic file (type png)
<use outputs/basic_abc/summary_set_study/posterior_rich_set_vs_reduced_set_g_ep
s-0.0100_2026-04-12_23-11.png>
Package pdftex.def Info: outputs/basic_abc/summary_set_study/posterior_rich_set
_vs_reduced_set_g_eps-0.0100_2026-04-12_23-11.png  used on input line 592.
(pdftex.def)             Requested size: 230.18253pt x 68.89996pt.
<outputs/basic_abc/summary_set_study/posterior_rich_set_vs_reduced_set_h_eps-0.
0100_2026-04-12_23-11.png, id=242, 1076.823pt x 322.3242pt>
File: outputs/basic_abc/summary_set_study/posterior_rich_set_vs_reduced_set_h_e
ps-0.0100_2026-04-12_23-11.png Graphic file (type png)
<use outputs/basic_abc/summary_set_study/posterior_rich_set_vs_reduced_set_h_ep
s-0.0100_2026-04-12_23-11.png>
Package pdftex.def Info: outputs/basic_abc/summary_set_study/posterior_rich_set
_vs_reduced_set_h_eps-0.0100_2026-04-12_23-11.png  used on input line 598.
(pdftex.def)             Requested size: 230.18253pt x 68.89996pt.
File: outputs/basic_abc/summary_set_study/posterior_rich_set_vs_reduced_set_i_e
ps-0.0100_2026-04-12_23-11.png Graphic file (type png)
<use outputs/basic_abc/summary_set_study/posterior_rich_set_vs_reduced_set_i_ep
s-0.0100_2026-04-12_23-11.png>
Package pdftex.def Info: outputs/basic_abc/summary_set_study/posterior_rich_set
_vs_reduced_set_i_eps-0.0100_2026-04-12_23-11.png  used on input line 607.
(pdftex.def)             Requested size: 272.45877pt x 81.55466pt.
 [18 <./outputs/basic_abc/summary_set_study/posterior_rich_set_vs_reduced_set_a
_eps-0.0100_2026-04-12_23-11.png> <./outputs/basic_abc/summary_set_study/poster
ior_rich_set_vs_reduced_set_b_eps-0.0100_2026-04-12_23-11.png> <./outputs/basic
_abc/summary_set_study/posterior_rich_set_vs_reduced_set_c_eps-0.0100_2026-04-1
2_23-11.png> <./outputs/basic_abc/summary_set_study/posterior_rich_set_vs_reduc
ed_set_d_eps-0.0100_2026-04-12_23-11.png> <./outputs/basic_abc/summary_set_stud
y/posterior_rich_set_vs_reduced_set_e_eps-0.0100_2026-04-12_23-11.png> <./outpu
ts/basic_abc/summary_set_study/posterior_rich_set_vs_reduced_set_f_eps-0.0100_2
026-04-12_23-11.png> <./outputs/basic_abc/summary_set_study/posterior_rich_set_
vs_reduced_set_g_eps-0.0100_2026-04-12_23-11.png> <./outputs/basic_abc/summary_
set_study/posterior_rich_set_vs_reduced_set_h_eps-0.0100_2026-04-12_23-11.png>]
 [19] (abc_report.aux)
 ***********
LaTeX2e <2025-11-01>
L3 programming layer <2026-01-19>
 ***********
Package rerunfilecheck Info: File `abc_report.out' has not changed.
(rerunfilecheck)             Checksum: 25CAD4100CDBC260E17225458F1BC545;1898.
 ) 
Here is how much of TeX's memory you used:
 12871 strings out of 467867
 216831 string characters out of 5418334
 625626 words of memory out of 5000000
 41550 multiletter control sequences out of 15000+600000
 639359 words of font info for 86 fonts, out of 8000000 for 9000
 1141 hyphenation exceptions out of 8191
 75i,12n,79p,1021b,642s stack positions out of 10000i,1000n,20000p,200000b,200000s
<C:/Users/chris/AppData/Local/Programs/MiKTeX/fonts/type1/public/amsfonts/cm/
cmbx10.pfb><C:/Users/chris/AppData/Local/Programs/MiKTeX/fonts/type1/public/ams
fonts/cm/cmbx12.pfb><C:/Users/chris/AppData/Local/Programs/MiKTeX/fonts/type1/p
ublic/amsfonts/cm/cmex10.pfb><C:/Users/chris/AppData/Local/Programs/MiKTeX/font
s/type1/public/amsfonts/cm/cmmi10.pfb><C:/Users/chris/AppData/Local/Programs/Mi
KTeX/fonts/type1/public/amsfonts/cm/cmmi8.pfb><C:/Users/chris/AppData/Local/Pro
grams/MiKTeX/fonts/type1/public/amsfonts/cm/cmmi9.pfb><C:/Users/chris/AppData/L
ocal/Programs/MiKTeX/fonts/type1/public/amsfonts/cm/cmr10.pfb><C:/Users/chris/A
ppData/Local/Programs/MiKTeX/fonts/type1/public/amsfonts/cm/cmr12.pfb><C:/Users
/chris/AppData/Local/Programs/MiKTeX/fonts/type1/public/amsfonts/cm/cmr17.pfb><
C:/Users/chris/AppData/Local/Programs/MiKTeX/fonts/type1/public/amsfonts/cm/cmr
8.pfb><C:/Users/chris/AppData/Local/Programs/MiKTeX/fonts/type1/public/amsfonts
/cm/cmr9.pfb><C:/Users/chris/AppData/Local/Programs/MiKTeX/fonts/type1/public/a
msfonts/cm/cmsy10.pfb><C:/Users/chris/AppData/Local/Programs/MiKTeX/fonts/type1
/public/amsfonts/cm/cmsy8.pfb><C:/Users/chris/AppData/Local/Programs/MiKTeX/fon
ts/type1/public/amsfonts/cm/cmti10.pfb><C:/Users/chris/AppData/Local/Programs/M
iKTeX/fonts/type1/public/amsfonts/cm/cmtt10.pfb><C:/Users/chris/AppData/Local/P
rograms/MiKTeX/fonts/type1/public/amsfonts/symbols/msbm10.pfb>
Output written on abc_report.pdf (19 pages, 3629410 bytes).
PDF statistics:
 346 PDF objects out of 1000 (max. 8388607)
 57 named destinations out of 1000 (max. 500000)
 229 words of extra memory for PDF output out of 10000 (max. 10000000)

